[debug] [2020-11-02T03:02:30.223Z] ----------------------------------------------------------------------
[debug] [2020-11-02T03:02:30.225Z] Command:       /Users/alex/.nvm/versions/node/v8.17.0/bin/node /Users/alex/.nvm/versions/node/v8.17.0/bin/firebase deploy
[debug] [2020-11-02T03:02:30.225Z] CLI Version:   8.14.1
[debug] [2020-11-02T03:02:30.225Z] Platform:      darwin
[debug] [2020-11-02T03:02:30.225Z] Node Version:  v8.17.0
[debug] [2020-11-02T03:02:30.226Z] Time:          Mon Nov 02 2020 03:02:30 GMT+0000 (GMT)
[debug] [2020-11-02T03:02:30.226Z] ----------------------------------------------------------------------
[debug] [2020-11-02T03:02:30.226Z] 
[debug] [2020-11-02T03:02:30.235Z] > command requires scopes: ["email","openid","https://www.googleapis.com/auth/cloudplatformprojects.readonly","https://www.googleapis.com/auth/firebase","https://www.googleapis.com/auth/cloud-platform"]
[debug] [2020-11-02T03:02:30.235Z] > authorizing via signed-in user
[debug] [2020-11-02T03:02:30.236Z] [iam] checking project pyramid-ninja for permissions ["cloudfunctions.functions.create","cloudfunctions.functions.delete","cloudfunctions.functions.get","cloudfunctions.functions.list","cloudfunctions.functions.update","cloudfunctions.operations.get","datastore.indexes.create","datastore.indexes.delete","datastore.indexes.list","datastore.indexes.update","firebase.projects.get","firebasehosting.sites.update"]
[debug] [2020-11-02T03:02:30.238Z] >>> HTTP REQUEST POST https://cloudresourcemanager.googleapis.com/v1/projects/pyramid-ninja:testIamPermissions  
 {"permissions":["cloudfunctions.functions.create","cloudfunctions.functions.delete","cloudfunctions.functions.get","cloudfunctions.functions.list","cloudfunctions.functions.update","cloudfunctions.operations.get","datastore.indexes.create","datastore.indexes.delete","datastore.indexes.list","datastore.indexes.update","firebase.projects.get","firebasehosting.sites.update"]}
[debug] [2020-11-02T03:02:31.076Z] <<< HTTP RESPONSE 200 {"content-type":"application/json; charset=UTF-8","vary":"X-Origin, Referer, Origin,Accept-Encoding","date":"Mon, 02 Nov 2020 03:02:31 GMT","server":"ESF","cache-control":"private","x-xss-protection":"0","x-frame-options":"SAMEORIGIN","x-content-type-options":"nosniff","server-timing":"gfet4t7; dur=547","alt-svc":"h3-Q050=\":443\"; ma=2592000,h3-29=\":443\"; ma=2592000,h3-T051=\":443\"; ma=2592000,h3-T050=\":443\"; ma=2592000,h3-Q046=\":443\"; ma=2592000,h3-Q043=\":443\"; ma=2592000,quic=\":443\"; ma=2592000; v=\"46,43\"","accept-ranges":"none","transfer-encoding":"chunked"}
[debug] [2020-11-02T03:02:31.077Z] >>> HTTP REQUEST POST https://iam.googleapis.com/v1/projects/pyramid-ninja/serviceAccounts/pyramid-ninja@appspot.gserviceaccount.com:testIamPermissions  
 {"permissions":["iam.serviceAccounts.actAs"]}
[debug] [2020-11-02T03:02:31.924Z] <<< HTTP RESPONSE 200 {"content-type":"application/json; charset=UTF-8","vary":"X-Origin, Referer, Origin,Accept-Encoding","date":"Mon, 02 Nov 2020 03:02:31 GMT","server":"ESF","cache-control":"private","x-xss-protection":"0","x-frame-options":"SAMEORIGIN","x-content-type-options":"nosniff","alt-svc":"h3-Q050=\":443\"; ma=2592000,h3-29=\":443\"; ma=2592000,h3-T051=\":443\"; ma=2592000,h3-T050=\":443\"; ma=2592000,h3-Q046=\":443\"; ma=2592000,h3-Q043=\":443\"; ma=2592000,quic=\":443\"; ma=2592000; v=\"46,43\"","accept-ranges":"none","transfer-encoding":"chunked"}
[debug] [2020-11-02T03:02:31.926Z] >>> HTTP REQUEST GET https://firebase.googleapis.com/v1beta1/projects/pyramid-ninja  
 
[debug] [2020-11-02T03:02:32.886Z] <<< HTTP RESPONSE 200 {"content-type":"application/json; charset=UTF-8","vary":"X-Origin, Referer, Origin,Accept-Encoding","date":"Mon, 02 Nov 2020 03:02:32 GMT","server":"ESF","cache-control":"private","x-xss-protection":"0","x-frame-options":"SAMEORIGIN","x-content-type-options":"nosniff","alt-svc":"h3-Q050=\":443\"; ma=2592000,h3-29=\":443\"; ma=2592000,h3-T051=\":443\"; ma=2592000,h3-T050=\":443\"; ma=2592000,h3-Q046=\":443\"; ma=2592000,h3-Q043=\":443\"; ma=2592000,quic=\":443\"; ma=2592000; v=\"46,43\"","accept-ranges":"none","transfer-encoding":"chunked"}
[info] 
[info] === Deploying to 'pyramid-ninja'...
[info] 
[info] i  deploying firestore, functions, hosting 
[info] i  firestore: reading indexes from firestore.indexes.json... 
[info] i  cloud.firestore: checking firestore.rules for compilation errors... 
[debug] [2020-11-02T03:02:35.170Z] >>> HTTP REQUEST POST https://firebaserules.googleapis.com/v1/projects/pyramid-ninja:test  
 {"source":{"files":[{"name":"firestore.rules","content":"rules_version = '2';\nservice cloud.firestore {\n  match /databases/{database}/documents {\n    match /{document=**} {\n      allow read, write: if true;\n    }\n  }\n}"}]}}
[debug] [2020-11-02T03:02:36.240Z] <<< HTTP RESPONSE 200 {"content-type":"application/json; charset=UTF-8","vary":"X-Origin, Referer, Origin,Accept-Encoding","date":"Mon, 02 Nov 2020 03:02:36 GMT","server":"ESF","cache-control":"private","x-xss-protection":"0","x-frame-options":"SAMEORIGIN","x-content-type-options":"nosniff","alt-svc":"h3-Q050=\":443\"; ma=2592000,h3-29=\":443\"; ma=2592000,h3-T051=\":443\"; ma=2592000,h3-T050=\":443\"; ma=2592000,h3-Q046=\":443\"; ma=2592000,h3-Q043=\":443\"; ma=2592000,quic=\":443\"; ma=2592000; v=\"46,43\"","accept-ranges":"none","transfer-encoding":"chunked"}
[info] ✔  cloud.firestore: rules file firestore.rules compiled successfully 
[debug] [2020-11-02T03:02:36.242Z] > [functions] package.json contents: {
  "name": "functions",
  "description": "Cloud Functions for Firebase",
  "scripts": {
    "serve": "firebase emulators:start --only functions",
    "shell": "firebase functions:shell",
    "start": "npm run shell",
    "deploy": "firebase deploy --only functions",
    "logs": "firebase functions:log"
  },
  "engines": {
    "node": "10"
  },
  "main": "index.js",
  "dependencies": {
    "adorable-avatars": "^0.4.1",
    "express": "^4.17.1",
    "firebase-admin": "^8.10.0",
    "firebase-functions": "^3.6.1"
  },
  "devDependencies": {
    "firebase-functions-test": "^0.2.0"
  },
  "private": true
}
[info] i  functions: ensuring required API cloudfunctions.googleapis.com is enabled... 
[info] i  functions: ensuring required API cloudbuild.googleapis.com is enabled... 
[debug] [2020-11-02T03:02:37.310Z] >>> HTTP REQUEST GET https://serviceusage.googleapis.com/v1/projects/pyramid-ninja/services/cloudfunctions.googleapis.com  
 
[debug] [2020-11-02T03:02:37.310Z] >>> HTTP REQUEST GET https://serviceusage.googleapis.com/v1/projects/pyramid-ninja/services/runtimeconfig.googleapis.com  
 
[debug] [2020-11-02T03:02:37.310Z] >>> HTTP REQUEST GET https://serviceusage.googleapis.com/v1/projects/pyramid-ninja/services/cloudbuild.googleapis.com  
 
[debug] [2020-11-02T03:02:38.292Z] <<< HTTP RESPONSE 200 {"content-type":"application/json; charset=UTF-8","vary":"X-Origin, Referer, Origin,Accept-Encoding","date":"Mon, 02 Nov 2020 03:02:38 GMT","server":"ESF","cache-control":"private","x-xss-protection":"0","x-frame-options":"SAMEORIGIN","x-content-type-options":"nosniff","alt-svc":"h3-Q050=\":443\"; ma=2592000,h3-29=\":443\"; ma=2592000,h3-T051=\":443\"; ma=2592000,h3-T050=\":443\"; ma=2592000,h3-Q046=\":443\"; ma=2592000,h3-Q043=\":443\"; ma=2592000,quic=\":443\"; ma=2592000; v=\"46,43\"","accept-ranges":"none","transfer-encoding":"chunked"}
[info] ✔  functions: required API cloudbuild.googleapis.com is enabled 
[debug] [2020-11-02T03:02:38.446Z] <<< HTTP RESPONSE 200 {"content-type":"application/json; charset=UTF-8","vary":"X-Origin, Referer, Origin,Accept-Encoding","date":"Mon, 02 Nov 2020 03:02:38 GMT","server":"ESF","cache-control":"private","x-xss-protection":"0","x-frame-options":"SAMEORIGIN","x-content-type-options":"nosniff","alt-svc":"h3-Q050=\":443\"; ma=2592000,h3-29=\":443\"; ma=2592000,h3-T051=\":443\"; ma=2592000,h3-T050=\":443\"; ma=2592000,h3-Q046=\":443\"; ma=2592000,h3-Q043=\":443\"; ma=2592000,quic=\":443\"; ma=2592000; v=\"46,43\"","accept-ranges":"none","transfer-encoding":"chunked"}
[debug] [2020-11-02T03:02:38.558Z] <<< HTTP RESPONSE 200 {"content-type":"application/json; charset=UTF-8","vary":"X-Origin, Referer, Origin,Accept-Encoding","date":"Mon, 02 Nov 2020 03:02:38 GMT","server":"ESF","cache-control":"private","x-xss-protection":"0","x-frame-options":"SAMEORIGIN","x-content-type-options":"nosniff","alt-svc":"h3-Q050=\":443\"; ma=2592000,h3-29=\":443\"; ma=2592000,h3-T051=\":443\"; ma=2592000,h3-T050=\":443\"; ma=2592000,h3-Q046=\":443\"; ma=2592000,h3-Q043=\":443\"; ma=2592000,quic=\":443\"; ma=2592000; v=\"46,43\"","accept-ranges":"none","transfer-encoding":"chunked"}
[info] ✔  functions: required API cloudfunctions.googleapis.com is enabled 
[debug] [2020-11-02T03:02:38.559Z] >>> HTTP REQUEST GET https://firebase.googleapis.com/v1beta1/projects/pyramid-ninja/adminSdkConfig  
 
[debug] [2020-11-02T03:02:38.908Z] <<< HTTP RESPONSE 200 {"content-type":"application/json; charset=UTF-8","vary":"X-Origin, Referer, Origin,Accept-Encoding","date":"Mon, 02 Nov 2020 03:02:39 GMT","server":"ESF","cache-control":"private","x-xss-protection":"0","x-frame-options":"SAMEORIGIN","x-content-type-options":"nosniff","alt-svc":"h3-Q050=\":443\"; ma=2592000,h3-29=\":443\"; ma=2592000,h3-T051=\":443\"; ma=2592000,h3-T050=\":443\"; ma=2592000,h3-Q046=\":443\"; ma=2592000,h3-Q043=\":443\"; ma=2592000,quic=\":443\"; ma=2592000; v=\"46,43\"","accept-ranges":"none","transfer-encoding":"chunked"}
[debug] [2020-11-02T03:02:38.910Z] >>> HTTP REQUEST POST https://firebasehosting.googleapis.com/v1beta1/sites/pyramid-ninja/versions  
 {"config":{"rewrites":[{"glob":"**","path":"/index.html"}]},"labels":{"deployment-tool":"cli-firebase"}}
[debug] [2020-11-02T03:02:40.524Z] <<< HTTP RESPONSE 200 {"content-type":"application/json; charset=UTF-8","vary":"X-Origin, Referer, Origin,Accept-Encoding","date":"Mon, 02 Nov 2020 03:02:40 GMT","server":"ESF","cache-control":"private","x-xss-protection":"0","x-frame-options":"SAMEORIGIN","x-content-type-options":"nosniff","alt-svc":"h3-Q050=\":443\"; ma=2592000,h3-29=\":443\"; ma=2592000,h3-T051=\":443\"; ma=2592000,h3-T050=\":443\"; ma=2592000,h3-Q046=\":443\"; ma=2592000,h3-Q043=\":443\"; ma=2592000,quic=\":443\"; ma=2592000; v=\"46,43\"","accept-ranges":"none","transfer-encoding":"chunked"}
[debug] [2020-11-02T03:02:40.528Z] >>> HTTP REQUEST GET https://firebaserules.googleapis.com/v1/projects/pyramid-ninja/releases?pageSize=10&pageToken=  
 
[debug] [2020-11-02T03:02:40.529Z] >>> HTTP REQUEST GET https://firestore.googleapis.com/v1/projects/pyramid-ninja/databases/(default)/collectionGroups/-/indexes  
 
[debug] [2020-11-02T03:02:40.841Z] <<< HTTP RESPONSE 200 {"content-type":"application/json; charset=UTF-8","vary":"X-Origin, Referer, Origin,Accept-Encoding","date":"Mon, 02 Nov 2020 03:02:40 GMT","server":"ESF","cache-control":"private","x-xss-protection":"0","x-frame-options":"SAMEORIGIN","x-content-type-options":"nosniff","alt-svc":"h3-Q050=\":443\"; ma=2592000,h3-29=\":443\"; ma=2592000,h3-T051=\":443\"; ma=2592000,h3-T050=\":443\"; ma=2592000,h3-Q046=\":443\"; ma=2592000,h3-Q043=\":443\"; ma=2592000,quic=\":443\"; ma=2592000; v=\"46,43\"","accept-ranges":"none","transfer-encoding":"chunked"}
[debug] [2020-11-02T03:02:40.842Z] >>> HTTP REQUEST GET https://firestore.googleapis.com/v1/projects/pyramid-ninja/databases/(default)/collectionGroups/-/fields?filter=indexConfig.usesAncestorConfig=false  
 
[debug] [2020-11-02T03:02:41.090Z] <<< HTTP RESPONSE 200 {"content-type":"application/json; charset=UTF-8","vary":"X-Origin, Referer, Origin,Accept-Encoding","date":"Mon, 02 Nov 2020 03:02:41 GMT","server":"ESF","cache-control":"private","x-xss-protection":"0","x-frame-options":"SAMEORIGIN","x-content-type-options":"nosniff","alt-svc":"h3-Q050=\":443\"; ma=2592000,h3-29=\":443\"; ma=2592000,h3-T051=\":443\"; ma=2592000,h3-T050=\":443\"; ma=2592000,h3-Q046=\":443\"; ma=2592000,h3-Q043=\":443\"; ma=2592000,quic=\":443\"; ma=2592000; v=\"46,43\"","accept-ranges":"none","transfer-encoding":"chunked"}
[info] ✔  firestore: deployed indexes in firestore.indexes.json successfully 
[debug] [2020-11-02T03:02:41.291Z] <<< HTTP RESPONSE 200 {"content-type":"application/json; charset=UTF-8","vary":"X-Origin, Referer, Origin,Accept-Encoding","date":"Mon, 02 Nov 2020 03:02:41 GMT","server":"ESF","cache-control":"private","x-xss-protection":"0","x-frame-options":"SAMEORIGIN","x-content-type-options":"nosniff","alt-svc":"h3-Q050=\":443\"; ma=2592000,h3-29=\":443\"; ma=2592000,h3-T051=\":443\"; ma=2592000,h3-T050=\":443\"; ma=2592000,h3-Q046=\":443\"; ma=2592000,h3-Q043=\":443\"; ma=2592000,quic=\":443\"; ma=2592000; v=\"46,43\"","accept-ranges":"none","transfer-encoding":"chunked"}
[debug] [2020-11-02T03:02:41.293Z] >>> HTTP REQUEST GET https://firebaserules.googleapis.com/v1/projects/pyramid-ninja/rulesets/40cf4e14-6386-4315-90ad-bf0f46299b40  
 
[debug] [2020-11-02T03:02:42.045Z] <<< HTTP RESPONSE 200 {"content-type":"application/json; charset=UTF-8","vary":"X-Origin, Referer, Origin,Accept-Encoding","date":"Mon, 02 Nov 2020 03:02:42 GMT","server":"ESF","cache-control":"private","x-xss-protection":"0","x-frame-options":"SAMEORIGIN","x-content-type-options":"nosniff","alt-svc":"h3-Q050=\":443\"; ma=2592000,h3-29=\":443\"; ma=2592000,h3-T051=\":443\"; ma=2592000,h3-T050=\":443\"; ma=2592000,h3-Q046=\":443\"; ma=2592000,h3-Q043=\":443\"; ma=2592000,quic=\":443\"; ma=2592000; v=\"46,43\"","accept-ranges":"none","transfer-encoding":"chunked"}
[info] i  firestore: latest version of firestore.rules already up to date, skipping upload... 
[info] i  functions: preparing functions directory for uploading... 
[debug] [2020-11-02T03:02:42.047Z] >>> HTTP REQUEST GET https://runtimeconfig.googleapis.com/v1beta1/projects/pyramid-ninja/configs  
 
[debug] [2020-11-02T03:02:42.870Z] <<< HTTP RESPONSE 200 {"content-type":"application/json; charset=UTF-8","vary":"X-Origin, Referer, Origin,Accept-Encoding","date":"Mon, 02 Nov 2020 03:02:42 GMT","server":"ESF","cache-control":"private","x-xss-protection":"0","x-frame-options":"SAMEORIGIN","x-content-type-options":"nosniff","alt-svc":"h3-Q050=\":443\"; ma=2592000,h3-29=\":443\"; ma=2592000,h3-T051=\":443\"; ma=2592000,h3-T050=\":443\"; ma=2592000,h3-Q046=\":443\"; ma=2592000,h3-Q043=\":443\"; ma=2592000,quic=\":443\"; ma=2592000; v=\"46,43\"","accept-ranges":"none","transfer-encoding":"chunked"}
[info] i  functions: packaged functions (75.5 KB) for uploading 
[debug] [2020-11-02T03:02:43.198Z] >>> HTTP REQUEST GET https://cloudfunctions.googleapis.com/v1/projects/pyramid-ninja/locations/-/functions  
 
[debug] [2020-11-02T03:02:43.818Z] <<< HTTP RESPONSE 200 {"content-type":"application/json; charset=UTF-8","vary":"X-Origin, Referer, Origin,Accept-Encoding","date":"Mon, 02 Nov 2020 03:02:43 GMT","server":"ESF","cache-control":"private","x-xss-protection":"0","x-frame-options":"SAMEORIGIN","x-content-type-options":"nosniff","alt-svc":"h3-Q050=\":443\"; ma=2592000,h3-29=\":443\"; ma=2592000,h3-T051=\":443\"; ma=2592000,h3-T050=\":443\"; ma=2592000,h3-Q046=\":443\"; ma=2592000,h3-Q043=\":443\"; ma=2592000,quic=\":443\"; ma=2592000; v=\"46,43\"","accept-ranges":"none","transfer-encoding":"chunked"}
[debug] [2020-11-02T03:02:43.819Z] >>> HTTP REQUEST POST https://cloudfunctions.googleapis.com/v1/projects/pyramid-ninja/locations/us-central1/functions:generateUploadUrl  
 
[debug] [2020-11-02T03:02:44.391Z] <<< HTTP RESPONSE 200 {"content-type":"application/json; charset=UTF-8","vary":"X-Origin, Referer, Origin,Accept-Encoding","date":"Mon, 02 Nov 2020 03:02:44 GMT","server":"ESF","cache-control":"private","x-xss-protection":"0","x-frame-options":"SAMEORIGIN","x-content-type-options":"nosniff","alt-svc":"h3-Q050=\":443\"; ma=2592000,h3-29=\":443\"; ma=2592000,h3-T051=\":443\"; ma=2592000,h3-T050=\":443\"; ma=2592000,h3-Q046=\":443\"; ma=2592000,h3-Q043=\":443\"; ma=2592000,quic=\":443\"; ma=2592000; v=\"46,43\"","accept-ranges":"none","transfer-encoding":"chunked"}
[debug] [2020-11-02T03:02:44.391Z] >>> HTTP REQUEST PUT https://storage.googleapis.com/gcf-upload-us-central1-39a9ae77-ccb9-4f33-8a31-177e4560a7b2/37da8c25-8c41-4be5-a639-3e3c9b70f82f.zip?GoogleAccessId=service-668178102663@gcf-admin-robot.iam.gserviceaccount.com&Expires=1604287964&Signature=RixwMu95zDFRrnoU05Q5dXyy2IBKUboBy1N0KacCfqOLfeBlJE18MRA68u4mUU1coMp08%2BxAp5ExZjIm6%2BMPuQ8PvQhe%2BKCgyhQzCvG04jns4OZKaNuNPj6PIHfP2laxRr9a4KtBgXeo4fD%2B3N1Dxt%2Bt1lTxsuw1ZtE8S9vBW7EJHXXwGrSPXFeR3NHhjKLEp%2F1URJ4%2BhCaaRQ3ehlrR%2B6XFklb6Lmh0W6q9nU7cAN3QNNbVNfJVE2Ongl65pL24Z6sr9B%2BW6MGPzCDU7%2F4016JyYU%2B46D1kzsUAHYUoiGJkr9OvJph%2BvLHE8fzfnyxG9TAvjEEa1j53%2FuuypH7b%2BA%3D%3D  
 <request body omitted>
[debug] [2020-11-02T03:02:45.423Z] <<< HTTP RESPONSE 200 {"x-guploader-uploadid":"ABg5-Uwjxgw3qPOBENQ4xPQtidDsu4_ipuGIdB-1DgbtKNAFOkVea6J0lbIk7UaxGz-r7BTOuRZWfUNXmFoT06DpAA","etag":"\"592a04b14d9b5e062ea5b183ebcb5369\"","x-goog-generation":"1604286165473507","x-goog-metageneration":"1","x-goog-hash":"crc32c=OVQaXw==, md5=WSoEsU2bXgYupbGD68tTaQ==","x-goog-stored-content-length":"77315","x-goog-stored-content-encoding":"identity","vary":"Origin","content-length":"0","date":"Mon, 02 Nov 2020 03:02:45 GMT","server":"UploadServer","content-type":"text/html; charset=UTF-8","alt-svc":"h3-Q050=\":443\"; ma=2592000,h3-29=\":443\"; ma=2592000,h3-T051=\":443\"; ma=2592000,h3-T050=\":443\"; ma=2592000,h3-Q046=\":443\"; ma=2592000,h3-Q043=\":443\"; ma=2592000,quic=\":443\"; ma=2592000; v=\"46,43\""}
[info] ✔  functions: functions folder uploaded successfully 
[info] i  hosting[pyramid-ninja]: beginning deploy... 
[info] i  hosting[pyramid-ninja]: found 751 files in public 
[debug] [2020-11-02T03:02:45.607Z] [hosting] hash cache [cHVibGlj] stored for 751 files
[debug] [2020-11-02T03:02:45.608Z] [hosting][hash queue][FINAL] {"max":65,"min":0,"avg":2.016745899215647,"active":0,"complete":751,"success":751,"errored":0,"retried":0,"total":751,"elapsed":69}
[debug] [2020-11-02T03:02:45.608Z] >>> HTTP REQUEST POST https://firebasehosting.googleapis.com/v1beta1/sites/pyramid-ninja/versions/e030b1fb69292a44:populateFiles  
 <request body omitted>
